2021-05-27 04:03:22,002 - agents.Base_Agent - INFO - 0 -- CartPole
2021-05-27 04:03:22,002 - agents.Base_Agent - INFO - 1 -- DISCRETE
2021-05-27 04:03:22,003 - agents.Base_Agent - INFO - 2 -- 2
2021-05-27 04:03:22,003 - agents.Base_Agent - INFO - 3 -- None
2021-05-27 04:03:22,003 - agents.Base_Agent - INFO - 4 -- 4
2021-05-27 04:03:22,003 - agents.Base_Agent - INFO - 5 -- {'learning_rate': 0.005, 'linear_hidden_units': [20, 10], 'final_layer_activation': ['SOFTMAX', None], 'gradient_clipping_norm': 5.0, 'discount_rate': 0.99, 'epsilon_decay_rate_denominator': 1.0, 'normalise_rewards': True, 'exploration_worker_difference': 2.0, 'clip_rewards': False, 'Actor': {'learning_rate': 0.0003, 'linear_hidden_units': [64, 64], 'final_layer_activation': 'Softmax', 'batch_norm': False, 'tau': 0.005, 'gradient_clipping_norm': 5, 'initialiser': 'Xavier'}, 'Critic': {'learning_rate': 0.0003, 'linear_hidden_units': [64, 64], 'final_layer_activation': None, 'batch_norm': False, 'buffer_size': 1000000, 'tau': 0.005, 'gradient_clipping_norm': 5, 'initialiser': 'Xavier'}, 'min_steps_before_learning': 400, 'batch_size': 256, 'mu': 0.0, 'theta': 0.15, 'sigma': 0.25, 'action_noise_std': 0.2, 'action_noise_clipping_range': 0.5, 'update_every_n_steps': 1, 'learning_updates_per_learning_session': 1, 'automatically_tune_entropy_hyperparameter': True, 'entropy_term_weight': None, 'add_extra_noise': False, 'do_evaluation_iterations': True}
2021-05-27 04:03:22,003 - agents.Base_Agent - INFO - 6 -- 195.0
2021-05-27 04:03:22,003 - agents.Base_Agent - INFO - 7 -- 100
2021-05-27 04:03:22,003 - agents.Base_Agent - INFO - 8 -- cpu
2021-05-27 04:03:22,077 - agents.Base_Agent - INFO - Reseting game -- New start state [ 0.00279501 -0.01188385  0.01513232 -0.01612784]
2021-05-27 04:03:22,161 - agents.Base_Agent - INFO - Reseting game -- New start state [ 0.00279501 -0.01188385  0.01513232 -0.01612784]
2021-05-27 04:03:22,176 - agents.Base_Agent - INFO - Reseting game -- New start state [ 0.00279501 -0.01188385  0.01513232 -0.01612784]
2021-05-27 04:03:22,184 - agents.Base_Agent - INFO - Reseting game -- New start state [ 0.00279501 -0.01188385  0.01513232 -0.01612784]
2021-05-27 04:03:22,188 - agents.Base_Agent - INFO - Reseting game -- New start state [ 0.00279501 -0.01188385  0.01513232 -0.01612784]
2021-05-27 04:03:22,192 - agents.Base_Agent - INFO - Reseting game -- New start state [ 0.00279501 -0.01188385  0.01513232 -0.01612784]
2021-05-27 04:03:22,197 - agents.Base_Agent - INFO - Reseting game -- New start state [ 0.00279501 -0.01188385  0.01513232 -0.01612784]
2021-05-27 04:03:22,209 - agents.Base_Agent - INFO - Reseting game -- New start state [ 0.00279501 -0.01188385  0.01513232 -0.01612784]
2021-05-27 04:03:22,213 - agents.Base_Agent - INFO - Reseting game -- New start state [ 0.00279501 -0.01188385  0.01513232 -0.01612784]
2021-05-27 04:03:22,222 - agents.Base_Agent - INFO - Reseting game -- New start state [ 0.00279501 -0.01188385  0.01513232 -0.01612784]
2021-05-27 04:03:22,230 - agents.Base_Agent - INFO - Reseting game -- New start state [ 0.00279501 -0.01188385  0.01513232 -0.01612784]
2021-05-27 04:03:22,237 - agents.Base_Agent - INFO - Reseting game -- New start state [ 0.00279501 -0.01188385  0.01513232 -0.01612784]
2021-05-27 04:03:22,244 - agents.Base_Agent - INFO - Reseting game -- New start state [ 0.00279501 -0.01188385  0.01513232 -0.01612784]
2021-05-27 04:03:22,248 - agents.Base_Agent - INFO - Reseting game -- New start state [ 0.00279501 -0.01188385  0.01513232 -0.01612784]
2021-05-27 04:03:22,255 - agents.Base_Agent - INFO - Reseting game -- New start state [ 0.00279501 -0.01188385  0.01513232 -0.01612784]
2021-05-27 04:03:22,262 - agents.Base_Agent - INFO - Reseting game -- New start state [ 0.00279501 -0.01188385  0.01513232 -0.01612784]
2021-05-27 04:03:22,266 - agents.Base_Agent - INFO - Reseting game -- New start state [ 0.00279501 -0.01188385  0.01513232 -0.01612784]
2021-05-27 04:03:22,274 - agents.Base_Agent - INFO - Reseting game -- New start state [ 0.00279501 -0.01188385  0.01513232 -0.01612784]
2021-05-27 04:03:22,277 - agents.Base_Agent - INFO - Reseting game -- New start state [ 0.00279501 -0.01188385  0.01513232 -0.01612784]
2021-05-27 04:03:22,285 - agents.Base_Agent - INFO - Reseting game -- New start state [ 0.00279501 -0.01188385  0.01513232 -0.01612784]
2021-05-27 04:03:22,294 - agents.Base_Agent - INFO - Reseting game -- New start state [ 0.00279501 -0.01188385  0.01513232 -0.01612784]
2021-05-27 04:03:22,299 - agents.Base_Agent - INFO - Reseting game -- New start state [ 0.00279501 -0.01188385  0.01513232 -0.01612784]
2021-05-27 04:03:22,340 - agents.Base_Agent - INFO - Loss -- 2.823134660720825
2021-05-27 04:03:22,346 - agents.Base_Agent - INFO - Loss -- 1.9706060886383057
2021-05-27 04:03:22,352 - agents.Base_Agent - INFO - Loss -- -0.5142435431480408
2021-05-27 04:03:22,353 - agents.Base_Agent - INFO - Loss -- -0.0
2021-05-27 04:03:22,358 - agents.Base_Agent - INFO - Loss -- 2.760368824005127
2021-05-27 04:03:22,359 - agents.Base_Agent - INFO - Loss -- 1.9320735931396484
2021-05-27 04:03:22,363 - agents.Base_Agent - INFO - Loss -- -0.5305930972099304
2021-05-27 04:03:22,364 - agents.Base_Agent - INFO - Loss -- -2.0285299342504004e-06
2021-05-27 04:03:22,369 - agents.Base_Agent - INFO - Loss -- 2.724201202392578
2021-05-27 04:03:22,370 - agents.Base_Agent - INFO - Loss -- 1.9378960132598877
2021-05-27 04:03:22,374 - agents.Base_Agent - INFO - Loss -- -0.5469224452972412
2021-05-27 04:03:22,375 - agents.Base_Agent - INFO - Loss -- -4.4863295443065e-06
2021-05-27 04:03:22,376 - agents.Base_Agent - INFO - Reseting game -- New start state [ 0.00279501 -0.01188385  0.01513232 -0.01612784]
2021-05-27 04:03:22,383 - agents.Base_Agent - INFO - Loss -- 2.6003661155700684
2021-05-27 04:03:22,386 - agents.Base_Agent - INFO - Loss -- 1.8620355129241943
2021-05-27 04:03:22,393 - agents.Base_Agent - INFO - Loss -- -0.5628139972686768
2021-05-27 04:03:22,394 - agents.Base_Agent - INFO - Loss -- -7.057678431010572e-06
2021-05-27 04:03:22,402 - agents.Base_Agent - INFO - Loss -- 2.6216933727264404
2021-05-27 04:03:22,404 - agents.Base_Agent - INFO - Loss -- 1.8158265352249146
2021-05-27 04:03:22,410 - agents.Base_Agent - INFO - Loss -- -0.5782244205474854
2021-05-27 04:03:22,411 - agents.Base_Agent - INFO - Loss -- -9.62732156040147e-06
2021-05-27 04:03:22,416 - agents.Base_Agent - INFO - Loss -- 2.521487236022949
2021-05-27 04:03:22,417 - agents.Base_Agent - INFO - Loss -- 1.7827162742614746
2021-05-27 04:03:22,420 - agents.Base_Agent - INFO - Loss -- -0.5937197804450989
2021-05-27 04:03:22,421 - agents.Base_Agent - INFO - Loss -- -1.2059630535077304e-05
2021-05-27 04:03:22,427 - agents.Base_Agent - INFO - Loss -- 2.464462995529175
2021-05-27 04:03:22,429 - agents.Base_Agent - INFO - Loss -- 1.7571437358856201
2021-05-27 04:03:22,432 - agents.Base_Agent - INFO - Loss -- -0.6095091104507446
2021-05-27 04:03:22,433 - agents.Base_Agent - INFO - Loss -- -1.545236045785714e-05
2021-05-27 04:03:22,439 - agents.Base_Agent - INFO - Loss -- 2.4150516986846924
2021-05-27 04:03:22,441 - agents.Base_Agent - INFO - Loss -- 1.7044367790222168
2021-05-27 04:03:22,444 - agents.Base_Agent - INFO - Loss -- -0.6257563829421997
2021-05-27 04:03:22,445 - agents.Base_Agent - INFO - Loss -- -1.922140108945314e-05
2021-05-27 04:03:22,450 - agents.Base_Agent - INFO - Loss -- 2.3739781379699707
2021-05-27 04:03:22,452 - agents.Base_Agent - INFO - Loss -- 1.6651352643966675
2021-05-27 04:03:22,457 - agents.Base_Agent - INFO - Loss -- -0.6411252021789551
2021-05-27 04:03:22,458 - agents.Base_Agent - INFO - Loss -- -2.3218408387037925e-05
2021-05-27 04:03:22,466 - agents.Base_Agent - INFO - Loss -- 2.325120210647583
2021-05-27 04:03:22,469 - agents.Base_Agent - INFO - Loss -- 1.6371665000915527
2021-05-27 04:03:22,474 - agents.Base_Agent - INFO - Loss -- -0.6566275358200073
2021-05-27 04:03:22,475 - agents.Base_Agent - INFO - Loss -- -2.7011339625460096e-05
2021-05-27 04:03:22,484 - agents.Base_Agent - INFO - Loss -- 2.2555692195892334
2021-05-27 04:03:22,486 - agents.Base_Agent - INFO - Loss -- 1.5853395462036133
2021-05-27 04:03:22,490 - agents.Base_Agent - INFO - Loss -- -0.6730127334594727
2021-05-27 04:03:22,492 - agents.Base_Agent - INFO - Loss -- -3.135597216896713e-05
2021-05-27 04:03:22,499 - agents.Base_Agent - INFO - Loss -- 2.2589070796966553
2021-05-27 04:03:22,501 - agents.Base_Agent - INFO - Loss -- 1.5814965963363647
2021-05-27 04:03:22,505 - agents.Base_Agent - INFO - Loss -- -0.6884920001029968
2021-05-27 04:03:22,506 - agents.Base_Agent - INFO - Loss -- -3.530984395183623e-05
2021-05-27 04:03:22,513 - agents.Base_Agent - INFO - Loss -- 2.156489610671997
2021-05-27 04:03:22,516 - agents.Base_Agent - INFO - Loss -- 1.5123032331466675
2021-05-27 04:03:22,522 - agents.Base_Agent - INFO - Loss -- -0.7046987414360046
2021-05-27 04:03:22,523 - agents.Base_Agent - INFO - Loss -- -3.925585770048201e-05
2021-05-27 04:03:22,529 - agents.Base_Agent - INFO - Loss -- 2.1277759075164795
2021-05-27 04:03:22,530 - agents.Base_Agent - INFO - Loss -- 1.5008524656295776
2021-05-27 04:03:22,534 - agents.Base_Agent - INFO - Loss -- -0.720528781414032
2021-05-27 04:03:22,535 - agents.Base_Agent - INFO - Loss -- -4.298081330489367e-05
2021-05-27 04:03:22,539 - agents.Base_Agent - INFO - Loss -- 2.1056134700775146
2021-05-27 04:03:22,541 - agents.Base_Agent - INFO - Loss -- 1.4770333766937256
2021-05-27 04:03:22,544 - agents.Base_Agent - INFO - Loss -- -0.737738311290741
2021-05-27 04:03:22,545 - agents.Base_Agent - INFO - Loss -- -4.689125853474252e-05
2021-05-27 04:03:22,550 - agents.Base_Agent - INFO - Loss -- 2.073160171508789
2021-05-27 04:03:22,552 - agents.Base_Agent - INFO - Loss -- 1.4366031885147095
2021-05-27 04:03:22,556 - agents.Base_Agent - INFO - Loss -- -0.7536295056343079
2021-05-27 04:03:22,558 - agents.Base_Agent - INFO - Loss -- -5.154530663276091e-05
2021-05-27 04:03:22,566 - agents.Base_Agent - INFO - Loss -- 1.990828514099121
2021-05-27 04:03:22,567 - agents.Base_Agent - INFO - Loss -- 1.4000271558761597
2021-05-27 04:03:22,572 - agents.Base_Agent - INFO - Loss -- -0.7703380584716797
2021-05-27 04:03:22,573 - agents.Base_Agent - INFO - Loss -- -5.619100556941703e-05
2021-05-27 04:03:22,575 - agents.Base_Agent - INFO - Reseting game -- New start state [ 0.00279501 -0.01188385  0.01513232 -0.01612784]
2021-05-27 04:03:22,582 - agents.Base_Agent - INFO - Loss -- 1.961230993270874
2021-05-27 04:03:22,584 - agents.Base_Agent - INFO - Loss -- 1.3739063739776611
2021-05-27 04:03:22,589 - agents.Base_Agent - INFO - Loss -- -0.7858759164810181
2021-05-27 04:03:22,590 - agents.Base_Agent - INFO - Loss -- -6.095159915275872e-05
2021-05-27 04:03:22,595 - agents.Base_Agent - INFO - Loss -- 1.8829861879348755
2021-05-27 04:03:22,596 - agents.Base_Agent - INFO - Loss -- 1.31694757938385
2021-05-27 04:03:22,600 - agents.Base_Agent - INFO - Loss -- -0.8047760725021362
2021-05-27 04:03:22,602 - agents.Base_Agent - INFO - Loss -- -6.603504880331457e-05
2021-05-27 04:03:22,608 - agents.Base_Agent - INFO - Loss -- 1.8688799142837524
2021-05-27 04:03:22,609 - agents.Base_Agent - INFO - Loss -- 1.2902557849884033
2021-05-27 04:03:22,613 - agents.Base_Agent - INFO - Loss -- -0.8209236860275269
2021-05-27 04:03:22,614 - agents.Base_Agent - INFO - Loss -- -7.095518230926245e-05
2021-05-27 04:03:22,619 - agents.Base_Agent - INFO - Loss -- 1.8383129835128784
2021-05-27 04:03:22,621 - agents.Base_Agent - INFO - Loss -- 1.2751402854919434
2021-05-27 04:03:22,624 - agents.Base_Agent - INFO - Loss -- -0.8332756161689758
2021-05-27 04:03:22,626 - agents.Base_Agent - INFO - Loss -- -7.492416625609621e-05
2021-05-27 04:03:22,631 - agents.Base_Agent - INFO - Loss -- 1.7637593746185303
2021-05-27 04:03:22,633 - agents.Base_Agent - INFO - Loss -- 1.2218939065933228
2021-05-27 04:03:22,638 - agents.Base_Agent - INFO - Loss -- -0.8515822291374207
2021-05-27 04:03:22,640 - agents.Base_Agent - INFO - Loss -- -7.958368223626167e-05
2021-05-27 04:03:22,648 - agents.Base_Agent - INFO - Loss -- 1.753907561302185
2021-05-27 04:03:22,650 - agents.Base_Agent - INFO - Loss -- 1.2209597826004028
2021-05-27 04:03:22,653 - agents.Base_Agent - INFO - Loss -- -0.8674283027648926
2021-05-27 04:03:22,654 - agents.Base_Agent - INFO - Loss -- -8.360681385966018e-05
2021-05-27 04:03:22,659 - agents.Base_Agent - INFO - Loss -- 1.7117822170257568
2021-05-27 04:03:22,661 - agents.Base_Agent - INFO - Loss -- 1.1855332851409912
2021-05-27 04:03:22,664 - agents.Base_Agent - INFO - Loss -- -0.8848312497138977
2021-05-27 04:03:22,665 - agents.Base_Agent - INFO - Loss -- -8.800972136668861e-05
2021-05-27 04:03:22,673 - agents.Base_Agent - INFO - Loss -- 1.656667709350586
2021-05-27 04:03:22,675 - agents.Base_Agent - INFO - Loss -- 1.144834280014038
2021-05-27 04:03:22,680 - agents.Base_Agent - INFO - Loss -- -0.9023064374923706
2021-05-27 04:03:22,681 - agents.Base_Agent - INFO - Loss -- -9.361677075503394e-05
2021-05-27 04:03:22,688 - agents.Base_Agent - INFO - Loss -- 1.6272497177124023
2021-05-27 04:03:22,690 - agents.Base_Agent - INFO - Loss -- 1.136762022972107
2021-05-27 04:03:22,695 - agents.Base_Agent - INFO - Loss -- -0.9158786535263062
2021-05-27 04:03:22,696 - agents.Base_Agent - INFO - Loss -- -9.763881098479033e-05
2021-05-27 04:03:22,704 - agents.Base_Agent - INFO - Loss -- 1.5868182182312012
2021-05-27 04:03:22,705 - agents.Base_Agent - INFO - Loss -- 1.0955579280853271
2021-05-27 04:03:22,710 - agents.Base_Agent - INFO - Loss -- -0.9332494735717773
2021-05-27 04:03:22,711 - agents.Base_Agent - INFO - Loss -- -0.00010287040640832856
2021-05-27 04:03:22,718 - agents.Base_Agent - INFO - Loss -- 1.544350266456604
2021-05-27 04:03:22,720 - agents.Base_Agent - INFO - Loss -- 1.058276891708374
2021-05-27 04:03:22,724 - agents.Base_Agent - INFO - Loss -- -0.9527445435523987
2021-05-27 04:03:22,726 - agents.Base_Agent - INFO - Loss -- -0.00010805631609400734
2021-05-27 04:03:22,730 - agents.Base_Agent - INFO - Loss -- 1.5146467685699463
2021-05-27 04:03:22,732 - agents.Base_Agent - INFO - Loss -- 1.0416452884674072
2021-05-27 04:03:22,735 - agents.Base_Agent - INFO - Loss -- -0.9709441065788269
2021-05-27 04:03:22,736 - agents.Base_Agent - INFO - Loss -- -0.00011167368938913569
2021-05-27 04:03:22,742 - agents.Base_Agent - INFO - Loss -- 1.47084379196167
2021-05-27 04:03:22,744 - agents.Base_Agent - INFO - Loss -- 1.0167714357376099
2021-05-27 04:03:22,748 - agents.Base_Agent - INFO - Loss -- -0.9849191308021545
2021-05-27 04:03:22,750 - agents.Base_Agent - INFO - Loss -- -0.00011613509559538215
2021-05-27 04:03:22,757 - agents.Base_Agent - INFO - Loss -- 1.4391224384307861
2021-05-27 04:03:22,759 - agents.Base_Agent - INFO - Loss -- 0.9979438185691833
2021-05-27 04:03:22,764 - agents.Base_Agent - INFO - Loss -- -1.003708004951477
2021-05-27 04:03:22,765 - agents.Base_Agent - INFO - Loss -- -0.00012029417121084407
2021-05-27 04:03:22,773 - agents.Base_Agent - INFO - Loss -- 1.3949168920516968
2021-05-27 04:03:22,775 - agents.Base_Agent - INFO - Loss -- 0.9631935954093933
2021-05-27 04:03:22,778 - agents.Base_Agent - INFO - Loss -- -1.0187209844589233
2021-05-27 04:03:22,779 - agents.Base_Agent - INFO - Loss -- -0.0001257067488040775
2021-05-27 04:03:22,786 - agents.Base_Agent - INFO - Loss -- 1.3774842023849487
2021-05-27 04:03:22,787 - agents.Base_Agent - INFO - Loss -- 0.9538822770118713
2021-05-27 04:03:22,791 - agents.Base_Agent - INFO - Loss -- -1.0327242612838745
2021-05-27 04:03:22,792 - agents.Base_Agent - INFO - Loss -- -0.00012929970398545265
2021-05-27 04:03:22,797 - agents.Base_Agent - INFO - Loss -- 1.3400053977966309
2021-05-27 04:03:22,798 - agents.Base_Agent - INFO - Loss -- 0.9292199611663818
2021-05-27 04:03:22,802 - agents.Base_Agent - INFO - Loss -- -1.0501306056976318
2021-05-27 04:03:22,803 - agents.Base_Agent - INFO - Loss -- -0.0001340546878054738
2021-05-27 04:03:22,807 - agents.Base_Agent - INFO - Loss -- 1.2938766479492188
2021-05-27 04:03:22,808 - agents.Base_Agent - INFO - Loss -- 0.8846023082733154
2021-05-27 04:03:22,812 - agents.Base_Agent - INFO - Loss -- -1.0700970888137817
2021-05-27 04:03:22,813 - agents.Base_Agent - INFO - Loss -- -0.0001386464136885479
2021-05-27 04:03:22,819 - agents.Base_Agent - INFO - Loss -- 1.2647788524627686
2021-05-27 04:03:22,821 - agents.Base_Agent - INFO - Loss -- 0.8717433214187622
2021-05-27 04:03:22,826 - agents.Base_Agent - INFO - Loss -- -1.0864635705947876
2021-05-27 04:03:22,828 - agents.Base_Agent - INFO - Loss -- -0.00014346351963467896
2021-05-27 04:03:22,834 - agents.Base_Agent - INFO - Loss -- 1.2125555276870728
2021-05-27 04:03:22,835 - agents.Base_Agent - INFO - Loss -- 0.830263078212738
2021-05-27 04:03:22,838 - agents.Base_Agent - INFO - Loss -- -1.1069879531860352
2021-05-27 04:03:22,839 - agents.Base_Agent - INFO - Loss -- -0.00014748357352800667
2021-05-27 04:03:22,840 - agents.Base_Agent - INFO - Reseting game -- New start state [ 0.00279501 -0.01188385  0.01513232 -0.01612784]
2021-05-27 04:03:22,845 - agents.Base_Agent - INFO - Loss -- 1.1926995515823364
2021-05-27 04:03:22,847 - agents.Base_Agent - INFO - Loss -- 0.8132840394973755
2021-05-27 04:03:22,851 - agents.Base_Agent - INFO - Loss -- -1.1195027828216553
2021-05-27 04:03:22,852 - agents.Base_Agent - INFO - Loss -- -0.00015235785394906998
2021-05-27 04:03:22,859 - agents.Base_Agent - INFO - Loss -- 1.1814981698989868
2021-05-27 04:03:22,861 - agents.Base_Agent - INFO - Loss -- 0.8141326308250427
2021-05-27 04:03:22,865 - agents.Base_Agent - INFO - Loss -- -1.1344702243804932
2021-05-27 04:03:22,866 - agents.Base_Agent - INFO - Loss -- -0.0001561204990139231
2021-05-27 04:03:22,873 - agents.Base_Agent - INFO - Loss -- 1.1321327686309814
2021-05-27 04:03:22,875 - agents.Base_Agent - INFO - Loss -- 0.7739843130111694
2021-05-27 04:03:22,881 - agents.Base_Agent - INFO - Loss -- -1.156266212463379
2021-05-27 04:03:22,882 - agents.Base_Agent - INFO - Loss -- -0.0001599068782525137
2021-05-27 04:03:22,890 - agents.Base_Agent - INFO - Loss -- 1.1296826601028442
2021-05-27 04:03:22,891 - agents.Base_Agent - INFO - Loss -- 0.7762937545776367
2021-05-27 04:03:22,895 - agents.Base_Agent - INFO - Loss -- -1.1681268215179443
2021-05-27 04:03:22,896 - agents.Base_Agent - INFO - Loss -- -0.00016526067338418216
2021-05-27 04:03:22,900 - agents.Base_Agent - INFO - Loss -- 1.0707221031188965
2021-05-27 04:03:22,901 - agents.Base_Agent - INFO - Loss -- 0.7227699756622314
2021-05-27 04:03:22,905 - agents.Base_Agent - INFO - Loss -- -1.1866676807403564
2021-05-27 04:03:22,907 - agents.Base_Agent - INFO - Loss -- -0.00016898606554605067
2021-05-27 04:03:22,914 - agents.Base_Agent - INFO - Loss -- 1.0664564371109009
2021-05-27 04:03:22,916 - agents.Base_Agent - INFO - Loss -- 0.7280924916267395
2021-05-27 04:03:22,921 - agents.Base_Agent - INFO - Loss -- -1.2028911113739014
2021-05-27 04:03:22,923 - agents.Base_Agent - INFO - Loss -- -0.0001724718022160232
2021-05-27 04:03:22,929 - agents.Base_Agent - INFO - Loss -- 1.0324561595916748
2021-05-27 04:03:22,930 - agents.Base_Agent - INFO - Loss -- 0.7056283354759216
2021-05-27 04:03:22,935 - agents.Base_Agent - INFO - Loss -- -1.2188397645950317
2021-05-27 04:03:22,937 - agents.Base_Agent - INFO - Loss -- -0.0001766358909662813
2021-05-27 04:03:22,944 - agents.Base_Agent - INFO - Loss -- 0.9953116178512573
2021-05-27 04:03:22,947 - agents.Base_Agent - INFO - Loss -- 0.6753643155097961
2021-05-27 04:03:22,951 - agents.Base_Agent - INFO - Loss -- -1.2342878580093384
2021-05-27 04:03:22,952 - agents.Base_Agent - INFO - Loss -- -0.0001820057223085314
2021-05-27 04:03:22,959 - agents.Base_Agent - INFO - Loss -- 0.969818115234375
2021-05-27 04:03:22,960 - agents.Base_Agent - INFO - Loss -- 0.6564362049102783
2021-05-27 04:03:22,965 - agents.Base_Agent - INFO - Loss -- -1.2538683414459229
2021-05-27 04:03:22,966 - agents.Base_Agent - INFO - Loss -- -0.0001850003027357161
2021-05-27 04:03:22,970 - agents.Base_Agent - INFO - Loss -- 0.9575201272964478
2021-05-27 04:03:22,972 - agents.Base_Agent - INFO - Loss -- 0.6488486528396606
2021-05-27 04:03:22,975 - agents.Base_Agent - INFO - Loss -- -1.2662625312805176
2021-05-27 04:03:22,976 - agents.Base_Agent - INFO - Loss -- -0.00019006922957487404
2021-05-27 04:03:22,981 - agents.Base_Agent - INFO - Loss -- 0.9350317716598511
2021-05-27 04:03:22,983 - agents.Base_Agent - INFO - Loss -- 0.635335385799408
2021-05-27 04:03:22,986 - agents.Base_Agent - INFO - Loss -- -1.2848613262176514
2021-05-27 04:03:22,987 - agents.Base_Agent - INFO - Loss -- -0.00019374373368918896
2021-05-27 04:03:22,992 - agents.Base_Agent - INFO - Loss -- 0.8811835050582886
2021-05-27 04:03:22,994 - agents.Base_Agent - INFO - Loss -- 0.5956558585166931
2021-05-27 04:03:22,999 - agents.Base_Agent - INFO - Loss -- -1.3027629852294922
2021-05-27 04:03:23,001 - agents.Base_Agent - INFO - Loss -- -0.00019773124950006604
2021-05-27 04:03:23,009 - agents.Base_Agent - INFO - Loss -- 0.8773492574691772
2021-05-27 04:03:23,011 - agents.Base_Agent - INFO - Loss -- 0.5982969403266907
2021-05-27 04:03:23,016 - agents.Base_Agent - INFO - Loss -- -1.3179188966751099
2021-05-27 04:03:23,017 - agents.Base_Agent - INFO - Loss -- -0.00020234219846315682
2021-05-27 04:03:23,024 - agents.Base_Agent - INFO - Loss -- 0.8564903736114502
2021-05-27 04:03:23,026 - agents.Base_Agent - INFO - Loss -- 0.5733534693717957
2021-05-27 04:03:23,030 - agents.Base_Agent - INFO - Loss -- -1.3311102390289307
2021-05-27 04:03:23,031 - agents.Base_Agent - INFO - Loss -- -0.00020751931879203767
2021-05-27 04:03:23,038 - agents.Base_Agent - INFO - Loss -- 0.8497157096862793
2021-05-27 04:03:23,041 - agents.Base_Agent - INFO - Loss -- 0.5815075635910034
2021-05-27 04:03:23,045 - agents.Base_Agent - INFO - Loss -- -1.344253659248352
2021-05-27 04:03:23,046 - agents.Base_Agent - INFO - Loss -- -0.000211066915653646
2021-05-27 04:03:23,055 - agents.Base_Agent - INFO - Loss -- 0.8015764951705933
2021-05-27 04:03:23,057 - agents.Base_Agent - INFO - Loss -- 0.5434433221817017
2021-05-27 04:03:23,062 - agents.Base_Agent - INFO - Loss -- -1.367063045501709
2021-05-27 04:03:23,064 - agents.Base_Agent - INFO - Loss -- -0.00021508519421331584
2021-05-27 04:03:23,071 - agents.Base_Agent - INFO - Loss -- 0.7777050733566284
2021-05-27 04:03:23,072 - agents.Base_Agent - INFO - Loss -- 0.5250928401947021
2021-05-27 04:03:23,075 - agents.Base_Agent - INFO - Loss -- -1.3805643320083618
2021-05-27 04:03:23,076 - agents.Base_Agent - INFO - Loss -- -0.00021895990357734263
2021-05-27 04:03:23,082 - agents.Base_Agent - INFO - Loss -- 0.7645552754402161
2021-05-27 04:03:23,083 - agents.Base_Agent - INFO - Loss -- 0.5158472061157227
2021-05-27 04:03:23,087 - agents.Base_Agent - INFO - Loss -- -1.3922697305679321
2021-05-27 04:03:23,088 - agents.Base_Agent - INFO - Loss -- -0.0002255497092846781
2021-05-27 04:03:23,092 - agents.Base_Agent - INFO - Loss -- 0.7397782206535339
2021-05-27 04:03:23,093 - agents.Base_Agent - INFO - Loss -- 0.49624961614608765
2021-05-27 04:03:23,096 - agents.Base_Agent - INFO - Loss -- -1.411710262298584
2021-05-27 04:03:23,097 - agents.Base_Agent - INFO - Loss -- -0.00022770505165681243
2021-05-27 04:03:23,102 - agents.Base_Agent - INFO - Loss -- 0.7287835478782654
2021-05-27 04:03:23,104 - agents.Base_Agent - INFO - Loss -- 0.4942288100719452
2021-05-27 04:03:23,107 - agents.Base_Agent - INFO - Loss -- -1.427010178565979
2021-05-27 04:03:23,108 - agents.Base_Agent - INFO - Loss -- -0.0002326048561371863
2021-05-27 04:03:23,112 - agents.Base_Agent - INFO - Loss -- 0.6989899277687073
2021-05-27 04:03:23,114 - agents.Base_Agent - INFO - Loss -- 0.46872183680534363
2021-05-27 04:03:23,119 - agents.Base_Agent - INFO - Loss -- -1.441694974899292
2021-05-27 04:03:23,121 - agents.Base_Agent - INFO - Loss -- -0.00023790371778886765
2021-05-27 04:03:23,127 - agents.Base_Agent - INFO - Loss -- 0.6734738349914551
2021-05-27 04:03:23,129 - agents.Base_Agent - INFO - Loss -- 0.44425100088119507
2021-05-27 04:03:23,133 - agents.Base_Agent - INFO - Loss -- -1.4614145755767822
2021-05-27 04:03:23,135 - agents.Base_Agent - INFO - Loss -- -0.0002425623533781618
2021-05-27 04:03:23,136 - agents.Base_Agent - INFO - Reseting game -- New start state [ 0.00279501 -0.01188385  0.01513232 -0.01612784]
2021-05-27 04:03:23,143 - agents.Base_Agent - INFO - Loss -- 0.6647616624832153
2021-05-27 04:03:23,145 - agents.Base_Agent - INFO - Loss -- 0.44561025500297546
2021-05-27 04:03:23,149 - agents.Base_Agent - INFO - Loss -- -1.4747432470321655
2021-05-27 04:03:23,150 - agents.Base_Agent - INFO - Loss -- -0.00024757301434874535
2021-05-27 04:03:23,154 - agents.Base_Agent - INFO - Loss -- 0.6501238346099854
2021-05-27 04:03:23,155 - agents.Base_Agent - INFO - Loss -- 0.43818143010139465
2021-05-27 04:03:23,159 - agents.Base_Agent - INFO - Loss -- -1.4877889156341553
2021-05-27 04:03:23,160 - agents.Base_Agent - INFO - Loss -- -0.00025152519810944796
2021-05-27 04:03:23,167 - agents.Base_Agent - INFO - Loss -- 0.6103175282478333
2021-05-27 04:03:23,169 - agents.Base_Agent - INFO - Loss -- 0.4121153950691223
2021-05-27 04:03:23,174 - agents.Base_Agent - INFO - Loss -- -1.5124845504760742
2021-05-27 04:03:23,175 - agents.Base_Agent - INFO - Loss -- -0.000255581340752542
2021-05-27 04:03:23,183 - agents.Base_Agent - INFO - Loss -- 0.5992321372032166
2021-05-27 04:03:23,184 - agents.Base_Agent - INFO - Loss -- 0.4134417176246643
2021-05-27 04:03:23,190 - agents.Base_Agent - INFO - Loss -- -1.5286844968795776
2021-05-27 04:03:23,191 - agents.Base_Agent - INFO - Loss -- -0.0002588486240711063
2021-05-27 04:03:23,196 - agents.Base_Agent - INFO - Loss -- 0.5697021484375
2021-05-27 04:03:23,197 - agents.Base_Agent - INFO - Loss -- 0.38894692063331604
2021-05-27 04:03:23,200 - agents.Base_Agent - INFO - Loss -- -1.5444204807281494
2021-05-27 04:03:23,201 - agents.Base_Agent - INFO - Loss -- -0.00026329897809773684
2021-05-27 04:03:23,207 - agents.Base_Agent - INFO - Loss -- 0.5631046295166016
2021-05-27 04:03:23,209 - agents.Base_Agent - INFO - Loss -- 0.3808174133300781
2021-05-27 04:03:23,212 - agents.Base_Agent - INFO - Loss -- -1.561704397201538
2021-05-27 04:03:23,213 - agents.Base_Agent - INFO - Loss -- -0.0002678312885109335
2021-05-27 04:03:23,219 - agents.Base_Agent - INFO - Loss -- 0.532950758934021
2021-05-27 04:03:23,220 - agents.Base_Agent - INFO - Loss -- 0.3619821071624756
2021-05-27 04:03:23,225 - agents.Base_Agent - INFO - Loss -- -1.5791795253753662
2021-05-27 04:03:23,226 - agents.Base_Agent - INFO - Loss -- -0.0002714516595005989
2021-05-27 04:03:23,233 - agents.Base_Agent - INFO - Loss -- 0.5212742686271667
2021-05-27 04:03:23,235 - agents.Base_Agent - INFO - Loss -- 0.36204391717910767
2021-05-27 04:03:23,241 - agents.Base_Agent - INFO - Loss -- -1.590593695640564
2021-05-27 04:03:23,243 - agents.Base_Agent - INFO - Loss -- -0.0002761994837783277
2021-05-27 04:03:23,249 - agents.Base_Agent - INFO - Loss -- 0.5083621144294739
2021-05-27 04:03:23,250 - agents.Base_Agent - INFO - Loss -- 0.3511033058166504
2021-05-27 04:03:23,254 - agents.Base_Agent - INFO - Loss -- -1.6020947694778442
2021-05-27 04:03:23,255 - agents.Base_Agent - INFO - Loss -- -0.00028119690250605345
2021-05-27 04:03:23,260 - agents.Base_Agent - INFO - Loss -- 0.47966867685317993
2021-05-27 04:03:23,261 - agents.Base_Agent - INFO - Loss -- 0.3401951789855957
2021-05-27 04:03:23,264 - agents.Base_Agent - INFO - Loss -- -1.6293954849243164
2021-05-27 04:03:23,265 - agents.Base_Agent - INFO - Loss -- -0.00028238416416570544
2021-05-27 04:03:23,270 - agents.Base_Agent - INFO - Loss -- 0.4850197732448578
2021-05-27 04:03:23,271 - agents.Base_Agent - INFO - Loss -- 0.3406672775745392
2021-05-27 04:03:23,274 - agents.Base_Agent - INFO - Loss -- -1.6291369199752808
2021-05-27 04:03:23,275 - agents.Base_Agent - INFO - Loss -- -0.0002896093064919114
2021-05-27 04:03:23,280 - agents.Base_Agent - INFO - Loss -- 0.4635910987854004
2021-05-27 04:03:23,281 - agents.Base_Agent - INFO - Loss -- 0.31863802671432495
2021-05-27 04:03:23,284 - agents.Base_Agent - INFO - Loss -- -1.654325246810913
2021-05-27 04:03:23,285 - agents.Base_Agent - INFO - Loss -- -0.0002930701884906739
2021-05-27 04:03:23,290 - agents.Base_Agent - INFO - Loss -- 0.44363322854042053
2021-05-27 04:03:23,291 - agents.Base_Agent - INFO - Loss -- 0.3154214024543762
2021-05-27 04:03:23,295 - agents.Base_Agent - INFO - Loss -- -1.6632819175720215
2021-05-27 04:03:23,297 - agents.Base_Agent - INFO - Loss -- -0.0002999815042130649
2021-05-27 04:03:23,306 - agents.Base_Agent - INFO - Loss -- 0.4278827905654907
2021-05-27 04:03:23,307 - agents.Base_Agent - INFO - Loss -- 0.30668753385543823
2021-05-27 04:03:23,312 - agents.Base_Agent - INFO - Loss -- -1.6870709657669067
2021-05-27 04:03:23,313 - agents.Base_Agent - INFO - Loss -- -0.00030111370142549276
2021-05-27 04:03:23,319 - agents.Base_Agent - INFO - Loss -- 0.4196060597896576
2021-05-27 04:03:23,321 - agents.Base_Agent - INFO - Loss -- 0.30428043007850647
2021-05-27 04:03:23,324 - agents.Base_Agent - INFO - Loss -- -1.697219729423523
2021-05-27 04:03:23,325 - agents.Base_Agent - INFO - Loss -- -0.00030607313965447247
2021-05-27 04:03:23,327 - agents.Base_Agent - INFO - Reseting game -- New start state [ 0.00279501 -0.01188385  0.01513232 -0.01612784]
2021-05-27 04:03:23,334 - agents.Base_Agent - INFO - Loss -- 0.39880627393722534
2021-05-27 04:03:23,336 - agents.Base_Agent - INFO - Loss -- 0.29275453090667725
2021-05-27 04:03:23,340 - agents.Base_Agent - INFO - Loss -- -1.7163617610931396
2021-05-27 04:03:23,342 - agents.Base_Agent - INFO - Loss -- -0.00030892211361788213
2021-05-27 04:03:23,349 - agents.Base_Agent - INFO - Loss -- 0.38542434573173523
2021-05-27 04:03:23,352 - agents.Base_Agent - INFO - Loss -- 0.28657352924346924
2021-05-27 04:03:23,358 - agents.Base_Agent - INFO - Loss -- -1.735905408859253
2021-05-27 04:03:23,359 - agents.Base_Agent - INFO - Loss -- -0.00031301393755711615
2021-05-27 04:03:23,364 - agents.Base_Agent - INFO - Loss -- 0.38386350870132446
2021-05-27 04:03:23,365 - agents.Base_Agent - INFO - Loss -- 0.27843475341796875
2021-05-27 04:03:23,368 - agents.Base_Agent - INFO - Loss -- -1.738405704498291
2021-05-27 04:03:23,369 - agents.Base_Agent - INFO - Loss -- -0.00031902024056762457
2021-05-27 04:03:23,376 - agents.Base_Agent - INFO - Loss -- 0.35518378019332886
2021-05-27 04:03:23,378 - agents.Base_Agent - INFO - Loss -- 0.2608535885810852
2021-05-27 04:03:23,382 - agents.Base_Agent - INFO - Loss -- -1.7693090438842773
2021-05-27 04:03:23,383 - agents.Base_Agent - INFO - Loss -- -0.0003181201172992587
2021-05-27 04:03:23,391 - agents.Base_Agent - INFO - Loss -- 0.35624533891677856
2021-05-27 04:03:23,392 - agents.Base_Agent - INFO - Loss -- 0.26181793212890625
2021-05-27 04:03:23,397 - agents.Base_Agent - INFO - Loss -- -1.7731354236602783
2021-05-27 04:03:23,398 - agents.Base_Agent - INFO - Loss -- -0.0003253171453252435
2021-05-27 04:03:23,406 - agents.Base_Agent - INFO - Loss -- 0.3365899324417114
2021-05-27 04:03:23,409 - agents.Base_Agent - INFO - Loss -- 0.25244107842445374
2021-05-27 04:03:23,413 - agents.Base_Agent - INFO - Loss -- -1.790732979774475
2021-05-27 04:03:23,414 - agents.Base_Agent - INFO - Loss -- -0.0003281481331214309
2021-05-27 04:03:23,422 - agents.Base_Agent - INFO - Loss -- 0.32519102096557617
2021-05-27 04:03:23,424 - agents.Base_Agent - INFO - Loss -- 0.2515770494937897
2021-05-27 04:03:23,429 - agents.Base_Agent - INFO - Loss -- -1.8088257312774658
2021-05-27 04:03:23,431 - agents.Base_Agent - INFO - Loss -- -0.0003315148060210049
2021-05-27 04:03:23,438 - agents.Base_Agent - INFO - Loss -- 0.3156300485134125
2021-05-27 04:03:23,440 - agents.Base_Agent - INFO - Loss -- 0.234392449259758
2021-05-27 04:03:23,444 - agents.Base_Agent - INFO - Loss -- -1.82066011428833
2021-05-27 04:03:23,446 - agents.Base_Agent - INFO - Loss -- -0.00033468136098235846
2021-05-27 04:03:23,453 - agents.Base_Agent - INFO - Loss -- 0.30336856842041016
2021-05-27 04:03:23,455 - agents.Base_Agent - INFO - Loss -- 0.23032964766025543
2021-05-27 04:03:23,458 - agents.Base_Agent - INFO - Loss -- -1.8382048606872559
2021-05-27 04:03:23,459 - agents.Base_Agent - INFO - Loss -- -0.00033612511469982564
2021-05-27 04:03:23,467 - agents.Base_Agent - INFO - Loss -- 0.2923729121685028
2021-05-27 04:03:23,470 - agents.Base_Agent - INFO - Loss -- 0.21969053149223328
2021-05-27 04:03:23,475 - agents.Base_Agent - INFO - Loss -- -1.8506975173950195
2021-05-27 04:03:23,476 - agents.Base_Agent - INFO - Loss -- -0.0003420765860937536
2021-05-27 04:03:23,482 - agents.Base_Agent - INFO - Loss -- 0.28096431493759155
2021-05-27 04:03:23,483 - agents.Base_Agent - INFO - Loss -- 0.21375061571598053
2021-05-27 04:03:23,486 - agents.Base_Agent - INFO - Loss -- -1.8648076057434082
2021-05-27 04:03:23,487 - agents.Base_Agent - INFO - Loss -- -0.0003457179991528392
2021-05-27 04:03:23,492 - agents.Base_Agent - INFO - Loss -- 0.27321797609329224
2021-05-27 04:03:23,494 - agents.Base_Agent - INFO - Loss -- 0.20988190174102783
2021-05-27 04:03:23,498 - agents.Base_Agent - INFO - Loss -- -1.8786885738372803
2021-05-27 04:03:23,500 - agents.Base_Agent - INFO - Loss -- -0.0003501836326904595
2021-05-27 04:03:23,507 - agents.Base_Agent - INFO - Loss -- 0.26187506318092346
2021-05-27 04:03:23,509 - agents.Base_Agent - INFO - Loss -- 0.1970178186893463
2021-05-27 04:03:23,515 - agents.Base_Agent - INFO - Loss -- -1.8961423635482788
2021-05-27 04:03:23,517 - agents.Base_Agent - INFO - Loss -- -0.00035261717857792974
2021-05-27 04:03:23,528 - agents.Base_Agent - INFO - Loss -- 0.24675142765045166
2021-05-27 04:03:23,529 - agents.Base_Agent - INFO - Loss -- 0.19232860207557678
2021-05-27 04:03:23,535 - agents.Base_Agent - INFO - Loss -- -1.9112969636917114
2021-05-27 04:03:23,536 - agents.Base_Agent - INFO - Loss -- -0.00035643618321046233
2021-05-27 04:03:23,542 - agents.Base_Agent - INFO - Loss -- 0.24572017788887024
2021-05-27 04:03:23,543 - agents.Base_Agent - INFO - Loss -- 0.1998099535703659
2021-05-27 04:03:23,547 - agents.Base_Agent - INFO - Loss -- -1.9225919246673584
2021-05-27 04:03:23,549 - agents.Base_Agent - INFO - Loss -- -0.00035797557211481035
2021-05-27 04:03:23,554 - agents.Base_Agent - INFO - Loss -- 0.2351403534412384
2021-05-27 04:03:23,555 - agents.Base_Agent - INFO - Loss -- 0.19108833372592926
2021-05-27 04:03:23,559 - agents.Base_Agent - INFO - Loss -- -1.9390063285827637
2021-05-27 04:03:23,560 - agents.Base_Agent - INFO - Loss -- -0.0003611349384300411
2021-05-27 04:03:23,565 - agents.Base_Agent - INFO - Loss -- 0.23315593600273132
2021-05-27 04:03:23,566 - agents.Base_Agent - INFO - Loss -- 0.19071407616138458
2021-05-27 04:03:23,570 - agents.Base_Agent - INFO - Loss -- -1.9387487173080444
2021-05-27 04:03:23,571 - agents.Base_Agent - INFO - Loss -- -0.0003737507213372737
2021-05-27 04:03:23,576 - agents.Base_Agent - INFO - Loss -- 0.22063158452510834
2021-05-27 04:03:23,577 - agents.Base_Agent - INFO - Loss -- 0.17786279320716858
2021-05-27 04:03:23,581 - agents.Base_Agent - INFO - Loss -- -1.963254451751709
2021-05-27 04:03:23,583 - agents.Base_Agent - INFO - Loss -- -0.0003695598861668259
2021-05-27 04:03:23,591 - agents.Base_Agent - INFO - Loss -- 0.21376366913318634
2021-05-27 04:03:23,592 - agents.Base_Agent - INFO - Loss -- 0.17528504133224487
2021-05-27 04:03:23,597 - agents.Base_Agent - INFO - Loss -- -1.9761642217636108
2021-05-27 04:03:23,599 - agents.Base_Agent - INFO - Loss -- -0.00037237428477965295
2021-05-27 04:03:23,604 - agents.Base_Agent - INFO - Loss -- 0.20118564367294312
2021-05-27 04:03:23,605 - agents.Base_Agent - INFO - Loss -- 0.16639646887779236
2021-05-27 04:03:23,608 - agents.Base_Agent - INFO - Loss -- -1.9895380735397339
2021-05-27 04:03:23,609 - agents.Base_Agent - INFO - Loss -- -0.00037854386027902365
2021-05-27 04:03:23,616 - agents.Base_Agent - INFO - Loss -- 0.1971215158700943
2021-05-27 04:03:23,617 - agents.Base_Agent - INFO - Loss -- 0.15853571891784668
2021-05-27 04:03:23,621 - agents.Base_Agent - INFO - Loss -- -2.0002923011779785
2021-05-27 04:03:23,623 - agents.Base_Agent - INFO - Loss -- -0.00038289977237582207
2021-05-27 04:03:23,629 - agents.Base_Agent - INFO - Loss -- 0.2003377228975296
2021-05-27 04:03:23,630 - agents.Base_Agent - INFO - Loss -- 0.17259441316127777
2021-05-27 04:03:23,635 - agents.Base_Agent - INFO - Loss -- -2.020382881164551
2021-05-27 04:03:23,636 - agents.Base_Agent - INFO - Loss -- -0.00038173794746398926
2021-05-27 04:03:23,644 - agents.Base_Agent - INFO - Loss -- 0.1834414154291153
2021-05-27 04:03:23,646 - agents.Base_Agent - INFO - Loss -- 0.15182062983512878
2021-05-27 04:03:23,650 - agents.Base_Agent - INFO - Loss -- -2.0304477214813232
2021-05-27 04:03:23,651 - agents.Base_Agent - INFO - Loss -- -0.0003897249116562307
2021-05-27 04:03:23,659 - agents.Base_Agent - INFO - Loss -- 0.1775747835636139
2021-05-27 04:03:23,660 - agents.Base_Agent - INFO - Loss -- 0.14733481407165527
2021-05-27 04:03:23,663 - agents.Base_Agent - INFO - Loss -- -2.0456299781799316
2021-05-27 04:03:23,664 - agents.Base_Agent - INFO - Loss -- -0.0003933457483071834
2021-05-27 04:03:23,669 - agents.Base_Agent - INFO - Loss -- 0.17387665808200836
2021-05-27 04:03:23,670 - agents.Base_Agent - INFO - Loss -- 0.14629137516021729
2021-05-27 04:03:23,674 - agents.Base_Agent - INFO - Loss -- -2.0558719635009766
2021-05-27 04:03:23,675 - agents.Base_Agent - INFO - Loss -- -0.00039389877929352224
2021-05-27 04:03:23,679 - agents.Base_Agent - INFO - Loss -- 0.17441493272781372
2021-05-27 04:03:23,681 - agents.Base_Agent - INFO - Loss -- 0.15033604204654694
2021-05-27 04:03:23,684 - agents.Base_Agent - INFO - Loss -- -2.0686447620391846
2021-05-27 04:03:23,685 - agents.Base_Agent - INFO - Loss -- -0.0003992830461356789
2021-05-27 04:03:23,693 - agents.Base_Agent - INFO - Loss -- 0.16674040257930756
2021-05-27 04:03:23,695 - agents.Base_Agent - INFO - Loss -- 0.1506105363368988
2021-05-27 04:03:23,700 - agents.Base_Agent - INFO - Loss -- -2.0721569061279297
2021-05-27 04:03:23,702 - agents.Base_Agent - INFO - Loss -- -0.0004038249608129263
2021-05-27 04:03:23,707 - agents.Base_Agent - INFO - Loss -- 0.16764983534812927
2021-05-27 04:03:23,709 - agents.Base_Agent - INFO - Loss -- 0.15956327319145203
2021-05-27 04:03:23,712 - agents.Base_Agent - INFO - Loss -- -2.095855236053467
2021-05-27 04:03:23,713 - agents.Base_Agent - INFO - Loss -- -0.0004092362942174077
2021-05-27 04:03:23,718 - agents.Base_Agent - INFO - Loss -- 0.16790661215782166
2021-05-27 04:03:23,719 - agents.Base_Agent - INFO - Loss -- 0.1579742431640625
2021-05-27 04:03:23,722 - agents.Base_Agent - INFO - Loss -- -2.1105475425720215
2021-05-27 04:03:23,723 - agents.Base_Agent - INFO - Loss -- -0.00040958484169095755
2021-05-27 04:03:23,728 - agents.Base_Agent - INFO - Loss -- 0.15441927313804626
2021-05-27 04:03:23,730 - agents.Base_Agent - INFO - Loss -- 0.1402527093887329
2021-05-27 04:03:23,733 - agents.Base_Agent - INFO - Loss -- -2.1201894283294678
2021-05-27 04:03:23,734 - agents.Base_Agent - INFO - Loss -- -0.000417332659708336
2021-05-27 04:03:23,742 - agents.Base_Agent - INFO - Loss -- 0.14496509730815887
2021-05-27 04:03:23,743 - agents.Base_Agent - INFO - Loss -- 0.128452330827713
2021-05-27 04:03:23,748 - agents.Base_Agent - INFO - Loss -- -2.134995698928833
2021-05-27 04:03:23,749 - agents.Base_Agent - INFO - Loss -- -0.00042002901318483055
2021-05-27 04:03:23,757 - agents.Base_Agent - INFO - Loss -- 0.1439969539642334
2021-05-27 04:03:23,759 - agents.Base_Agent - INFO - Loss -- 0.13295337557792664
2021-05-27 04:03:23,765 - agents.Base_Agent - INFO - Loss -- -2.138223648071289
2021-05-27 04:03:23,766 - agents.Base_Agent - INFO - Loss -- -0.0004226200107950717
2021-05-27 04:03:23,767 - agents.Base_Agent - INFO - Reseting game -- New start state [ 0.00279501 -0.01188385  0.01513232 -0.01612784]
2021-05-27 04:03:23,775 - agents.Base_Agent - INFO - Loss -- 0.13395357131958008
2021-05-27 04:03:23,776 - agents.Base_Agent - INFO - Loss -- 0.12162493169307709
2021-05-27 04:03:23,780 - agents.Base_Agent - INFO - Loss -- -2.1435914039611816
2021-05-27 04:03:23,781 - agents.Base_Agent - INFO - Loss -- -0.00043021392775699496
2021-05-27 04:03:23,786 - agents.Base_Agent - INFO - Loss -- 0.14093643426895142
2021-05-27 04:03:23,788 - agents.Base_Agent - INFO - Loss -- 0.1301417499780655
2021-05-27 04:03:23,791 - agents.Base_Agent - INFO - Loss -- -2.1659998893737793
2021-05-27 04:03:23,792 - agents.Base_Agent - INFO - Loss -- -0.00042888702591881156
2021-05-27 04:03:23,798 - agents.Base_Agent - INFO - Loss -- 0.1399274617433548
2021-05-27 04:03:23,801 - agents.Base_Agent - INFO - Loss -- 0.13950444757938385
2021-05-27 04:03:23,806 - agents.Base_Agent - INFO - Loss -- -2.174715042114258
2021-05-27 04:03:23,807 - agents.Base_Agent - INFO - Loss -- -0.0004360840830486268
2021-05-27 04:03:23,816 - agents.Base_Agent - INFO - Loss -- 0.13472825288772583
2021-05-27 04:03:23,818 - agents.Base_Agent - INFO - Loss -- 0.12663859128952026
2021-05-27 04:03:23,823 - agents.Base_Agent - INFO - Loss -- -2.1819591522216797
2021-05-27 04:03:23,824 - agents.Base_Agent - INFO - Loss -- -0.00044003414222970605
2021-05-27 04:03:23,830 - agents.Base_Agent - INFO - Loss -- 0.12635964155197144
2021-05-27 04:03:23,832 - agents.Base_Agent - INFO - Loss -- 0.11814536899328232
2021-05-27 04:03:23,835 - agents.Base_Agent - INFO - Loss -- -2.1891679763793945
2021-05-27 04:03:23,836 - agents.Base_Agent - INFO - Loss -- -0.00044475693721324205
